<?xml version="1.0" encoding="UTF-8"?>
<!-- Generated by org.testng.reporters.JUnitXMLReporter -->
<testsuite ignored="0" hostname="LTIN484405" failures="1" tests="6" name="EdgeTest" time="133.785" errors="0" timestamp="2025-07-18T14:56:03 IST">
  <testcase classname="testCases.TS_Login" name="Test_Login_With_Invalid_Google_Account" time="5.015"/>
  <testcase classname="testCases.TS_Login" name="Test_Login_With_valid_Google_Account" time="25.567"/>
  <testcase classname="testCases.TS_UpcomingHondaBike" name="get_Honda_Upcoming_Bikes_Under_4lac" time="0.173"/>
  <testcase classname="testCases.TS_UsedCar" name="Test_PopularCarModels_Chennai" time="20.594">
    <failure type="java.lang.AssertionError" message="Test_PopularCarModels_Chennai failed due to unexpected error: Expected condition failed: waiting for element to be clickable: Proxy element for: DefaultElementLocator &amp;apos;By.xpath: //*[@id=&amp;quot;ui-id-5&amp;quot;]/li/a&amp;apos; (tried for 10 second(s) with 500 milliseconds interval)">
      <![CDATA[java.lang.AssertionError: Test_PopularCarModels_Chennai failed due to unexpected error: Expected condition failed: waiting for element to be clickable: Proxy element for: DefaultElementLocator 'By.xpath: //*[@id="ui-id-5"]/li/a' (tried for 10 second(s) with 500 milliseconds interval)
at testCases.TS_UsedCar.Test_PopularCarModels_Chennai(TS_UsedCar.java:69)
at java.base/java.util.ArrayList.forEach(ArrayList.java:1604)
... Removed 26 stack frames]]>
    </failure>
  </testcase> <!-- Test_PopularCarModels_Chennai -->
  <testcase classname="testCases.TS_UsedCar" name="Test_VerifyUsedCarPageTitleAndURL" time="0.022"/>
  <testcase classname="testCases.TS_UsedCar" name="Test_InvalidCitySelection" time="10.195"/>
</testsuite> <!-- EdgeTest -->
